Compiled application.js  (5ms)  (pid 62699)
Compiled jquery.js  (2ms)  (pid 62699)
Compiled jquery_ujs.js  (0ms)  (pid 62699)
Compiled jquery-ui-1.8.16.custom.min.js  (2ms)  (pid 62699)
Compiled multas.js  (84ms)  (pid 62699)
Compiled script.js  (0ms)  (pid 62699)
Compiled application.css  (2ms)  (pid 62699)
Compiled 960.css  (0ms)  (pid 62699)
Compiled jquery-ui-1.8.16.custom.css  (0ms)  (pid 62699)
Compiled multas.css  (11ms)  (pid 62699)
Compiled scaffolds.css  (19ms)  (pid 62699)
Compiled style.css  (108ms)  (pid 62699)
Compiled application.js  (4ms)  (pid 62660)
Compiled jquery.js  (1ms)  (pid 62660)
Compiled jquery_ujs.js  (51ms)  (pid 62660)
Compiled jquery-ui-1.8.16.custom.min.js  (1ms)  (pid 62660)
Compiled multas.js  (205ms)  (pid 62660)
Compiled script.js  (0ms)  (pid 62660)
Compiled application.css  (3ms)  (pid 62660)
Compiled 960.css  (0ms)  (pid 62660)
Compiled jquery-ui-1.8.16.custom.css  (0ms)  (pid 62660)
Compiled multas.css  (12ms)  (pid 62660)
Compiled scaffolds.css  (13ms)  (pid 62660)
Compiled style.css  (96ms)  (pid 62660)
Compiled application.js  (8ms)  (pid 73204)
Compiled jquery.js  (2ms)  (pid 73204)
Compiled jquery_ujs.js  (7ms)  (pid 73204)
Compiled jquery-ui-1.8.16.custom.min.js  (2ms)  (pid 73204)
Compiled multas.js  (204ms)  (pid 73204)
Compiled script.js  (0ms)  (pid 73204)
Compiled application.css  (4ms)  (pid 73204)
Compiled multas.css  (50ms)  (pid 73204)
Compiled scaffolds.css  (19ms)  (pid 73204)
Compiled style.css  (183ms)  (pid 73204)
Compiled application.js  (24ms)  (pid 73181)
Compiled jquery.js  (2ms)  (pid 73181)
Compiled jquery_ujs.js  (18ms)  (pid 73181)
Compiled jquery-ui-1.8.16.custom.min.js  (2ms)  (pid 73181)
Compiled multas.js  (332ms)  (pid 73181)
Compiled script.js  (0ms)  (pid 73181)
Compiled application.css  (1ms)  (pid 73181)
Compiled multas.css  (157ms)  (pid 73181)
Compiled scaffolds.css  (15ms)  (pid 73181)
Compiled style.css  (149ms)  (pid 73181)
